1702188013726:lv
1702188057073:lc
1702188096191:r
1702188296306:lv
1702188298137:lc
1702188301737:r
1702188842033:lv
1702188850397:lc
1702188867864:v 1 0 0
1702188941889:v 0 1 0
1702191301341:v 0 0 1
1702191328944:v 1 2 3 4
1702191472085:v 1 2 3
1702194335278:stacktrace v 1 2 3
1702194548837:v 1 2 3
1702194650067:r
1702194654277:v 1 2 3
1702194960784:r
1702194967964:v 1 2 3
1702195438543:r
1702195441676:r
1702195444464:lv
1702195447277:r
1702195449070:lv
1702195458972:v 1 2 3
1702275311273:lv
1702275313049:lc
1702275318045:lv
1702275320566:r
1702275323144:lv
1702275326282:r
1702275327463:lv
1702275333263:r
1702275335346:lv
1702275361303:s
1702275365805:s
1702275379846:v 1 2 3
1702275430309:lv
1702275768365:lc
1702275773503:r
1702275778281:s
1702275783165:r
1702275783979:s
1702275786319:lc
1702275787377:lv
1702275790769:r
1702275793488:s
1702275806796:r
1702275808205:s
1702275835632:lv
1702275840860:lv
1702275842382:r
1702275846453:r
1702275864219:lv
1702275879667:lc
1702275881341:lv
1702275885185:r
1702276461042:lv
1702276462614:lc
1702276465718:s
1702276478476:r
1702276575710:lv
1702276577394:lc
1702276579240:r
1702276594646:lv
1702276595694:lc
1702276596735:r
1702276600136:lv
1702276601033:r
1702276602819:s
1702276606912:s
1702276612639:v 1 2 3
1702277072048:lc
1702277081602:lv
1702277090371:lc
1702277091527:lv
1702277094976:s
1702277096619:r
1702277102289:r
1702277104184:lc
1702277105533:lv
1702277109301:r
1702277111364:s
1702277112711:lv
1702277114361:ls
1702277115712:lc
1702277122334:v 1 0 0
1702277151923:v 1 0 1
1702277166150:v 1 1 0
1702277172493:s
1702277186930:s
1702277191092:r
1702277208061:result
1702277294085:lc
1702277295809:lv
1702277297804:r
1702277302098:r
1702277305517:r
1702277308094:s
1702277316437:v 1 0 1
1702277544952:lc
1702277546409:lv
1702277547612:r
1702277550653:s
1702277553745:r
1702277556653:r
1702277558925:s
1702277569216:v 1 1 0
1702277738902:s
1702277747138:v 1 1 0
1702277796312:v 1 0 1
1702278040912:lc
1702278043089:lv
1702278044266:c
1702278046030:r
1702278050141:s
1702278051381:r
1702278054618:r
1702278056184:s
1702278061134:v 1 0 1
1702278078622:v 1 1 0
1702278109656:v 1 0 1
1702278121764:s
1702278126630:s
1702278129712:s
1702278136494:res
